<?xml version="1.0" encoding="UTF-8"?>
<TestRun id="f6a56b9e-0522-4730-9b27-9ccb27f66ac8" name="will@WILL-WIN7U 2012-08-03 13:16:19" runUser="OSBORN\will" xmlns="http://microsoft.com/schemas/VisualStudio/TeamTest/2010">
  <TestSettings name="Local" id="5f52ed2e-c4bd-49fc-a904-54d1a3aff6ac">
    <Description>These are default test settings for a local test run.</Description>
    <Deployment enabled="false" runDeploymentRoot="will_WILL-WIN7U 2012-08-03 13_16_19">
      <DeploymentItem filename="C:\Users\will\documents\visual studio 2010\Projects\ClassLibrary1\ClassLibrary1\bin\Debug\ClassLibrary1.dll" />
    </Deployment>
    <Execution>
      <TestTypeSpecific />
      <AgentRule name="Execution Agents">
      </AgentRule>
    </Execution>
  </TestSettings>
  <Times creation="2012-08-03T13:16:19.5632921-05:00" queuing="2012-08-03T13:16:20.7964487-05:00" start="2012-08-03T13:16:20.8654574-05:00" finish="2012-08-03T13:16:21.9000888-05:00" />
  <ResultSummary outcome="Completed">
    <Counters total="1" executed="1" passed="1" error="0" failed="0" timeout="0" aborted="0" inconclusive="0" passedButRunAborted="0" notRunnable="0" notExecuted="0" disconnected="0" warning="0" completed="0" inProgress="0" pending="0" />
  </ResultSummary>
  <TestDefinitions>
    <UnitTest name="TestMethod1" storage="c:\users\will\documents\visual studio 2010\projects\classlibrary1\testproject1\bin\debug\testproject1.dll" id="59863143-3238-122e-4d8a-637b491cc755">
      <Execution id="ecba8602-3b06-4347-803d-e2a25d300c31" />
      <TestMethod codeBase="C:/Users/will/documents/visual studio 2010/Projects/ClassLibrary1/TestProject1/bin/Debug/TestProject1.DLL" adapterTypeName="Microsoft.VisualStudio.TestTools.TestTypes.Unit.UnitTestAdapter, Microsoft.VisualStudio.QualityTools.Tips.UnitTest.Adapter, Version=10.0.0.0, Culture=neutral, PublicKeyToken=b03f5f7f11d50a3a" className="TestProject1.UnitTest1, TestProject1, Version=1.0.0.0, Culture=neutral, PublicKeyToken=null" name="TestMethod1" />
    </UnitTest>
  </TestDefinitions>
  <TestLists>
    <TestList name="Results Not in a List" id="8c84fa94-04c1-424b-9868-57a2d4851a1d" />
    <TestList name="All Loaded Results" id="19431567-8539-422a-85d7-44ee4e166bda" />
  </TestLists>
  <TestEntries>
    <TestEntry testId="59863143-3238-122e-4d8a-637b491cc755" executionId="ecba8602-3b06-4347-803d-e2a25d300c31" testListId="8c84fa94-04c1-424b-9868-57a2d4851a1d" />
  </TestEntries>
  <Results>
    <UnitTestResult executionId="ecba8602-3b06-4347-803d-e2a25d300c31" testId="59863143-3238-122e-4d8a-637b491cc755" testName="TestMethod1" computerName="WILL-WIN7U" duration="00:00:00.0137573" startTime="2012-08-03T13:16:20.8979615-05:00" endTime="2012-08-03T13:16:21.8280797-05:00" testType="13cdc9d9-ddb5-4fa4-a97d-d965ccfc6d4b" outcome="Passed" testListId="8c84fa94-04c1-424b-9868-57a2d4851a1d" relativeResultsDirectory="ecba8602-3b06-4347-803d-e2a25d300c31">
    </UnitTestResult>
  </Results>
</TestRun>